<?xml version="1.0" encoding="UTF-8"?>
<testng-results skipped="0" failed="0" ignored="0" total="1" passed="1">
  <reporter-output>
  </reporter-output>
  <suite name="Default suite" duration-ms="4801" started-at="2018-03-15T13:53:13Z" finished-at="2018-03-15T13:53:18Z">
    <groups>
    </groups>
    <test name="Default test" duration-ms="4801" started-at="2018-03-15T13:53:13Z" finished-at="2018-03-15T13:53:18Z">
      <class name="com.google.tests.GoogleHomePageTest">
        <test-method status="PASS" signature="beforeTest()[pri:0, instance:com.google.tests.GoogleHomePageTest@3532ec19]" name="beforeTest" is-config="true" duration-ms="3082" started-at="2018-03-15T13:53:13Z" finished-at="2018-03-15T13:53:16Z">
          <reporter-output>
          </reporter-output>
        </test-method> <!-- beforeTest -->
        <test-method status="PASS" signature="googleHomeTest()[pri:0, instance:com.google.tests.GoogleHomePageTest@3532ec19]" name="googleHomeTest" duration-ms="1489" started-at="2018-03-15T13:53:16Z" finished-at="2018-03-15T13:53:17Z">
          <reporter-output>
          </reporter-output>
        </test-method> <!-- googleHomeTest -->
        <test-method status="PASS" signature="afterTest()[pri:0, instance:com.google.tests.GoogleHomePageTest@3532ec19]" name="afterTest" is-config="true" duration-ms="201" started-at="2018-03-15T13:53:17Z" finished-at="2018-03-15T13:53:18Z">
          <reporter-output>
          </reporter-output>
        </test-method> <!-- afterTest -->
      </class> <!-- com.google.tests.GoogleHomePageTest -->
    </test> <!-- Default test -->
  </suite> <!-- Default suite -->
</testng-results>
